  main.cpp
C:\Users\123\Desktop\大三上课程\操作系统\文件系统实验\source\main.cpp(30,2): warning C4996: 'strcpy': This function or variable may be unsafe. Consider using strcpy_s instead. To disable deprecation, use _CRT_SECURE_NO_WARNINGS. See online help for details.
C:\Users\123\Desktop\大三上课程\操作系统\文件系统实验\source\main.cpp(34,2): warning C4996: 'scanf': This function or variable may be unsafe. Consider using scanf_s instead. To disable deprecation, use _CRT_SECURE_NO_WARNINGS. See online help for details.
C:\Users\123\Desktop\大三上课程\操作系统\文件系统实验\source\main.cpp(36,2): warning C4996: 'itoa': The POSIX name for this item is deprecated. Instead, use the ISO C and C++ conformant name: _itoa. See online help for details.
C:\Users\123\Desktop\大三上课程\操作系统\文件系统实验\source\main.cpp(37,2): warning C4996: 'strcat': This function or variable may be unsafe. Consider using strcat_s instead. To disable deprecation, use _CRT_SECURE_NO_WARNINGS. See online help for details.
C:\Users\123\Desktop\大三上课程\操作系统\文件系统实验\source\main.cpp(39,2): warning C4996: 'strcat': This function or variable may be unsafe. Consider using strcat_s instead. To disable deprecation, use _CRT_SECURE_NO_WARNINGS. See online help for details.
C:\Users\123\Desktop\大三上课程\操作系统\文件系统实验\source\main.cpp(43,3): warning C4996: 'scanf': This function or variable may be unsafe. Consider using scanf_s instead. To disable deprecation, use _CRT_SECURE_NO_WARNINGS. See online help for details.
C:\Users\123\Desktop\大三上课程\操作系统\文件系统实验\source\main.cpp(48,9): warning C4996: 'fopen': This function or variable may be unsafe. Consider using fopen_s instead. To disable deprecation, use _CRT_SECURE_NO_WARNINGS. See online help for details.
C:\Users\123\Desktop\大三上课程\操作系统\文件系统实验\source\main.cpp(67,3): warning C4996: 'scanf': This function or variable may be unsafe. Consider using scanf_s instead. To disable deprecation, use _CRT_SECURE_NO_WARNINGS. See online help for details.
C:\Users\123\Desktop\大三上课程\操作系统\文件系统实验\source\main.cpp(69,3): warning C4996: 'scanf': This function or variable may be unsafe. Consider using scanf_s instead. To disable deprecation, use _CRT_SECURE_NO_WARNINGS. See online help for details.
  shell.cpp
C:\Users\123\Desktop\大三上课程\操作系统\文件系统实验\source\shell.cpp(76,17): warning C4477: “sscanf”: 格式字符串“%o”需要类型“unsigned int *”的参数，但可变参数 1 拥有了类型“unsigned short *”
C:\Users\123\Desktop\大三上课程\操作系统\文件系统实验\source\shell.cpp(76,17): message : 请考虑在格式字符串中使用“%ho”
C:\Users\123\Desktop\大三上课程\操作系统\文件系统实验\source\shell.cpp(36,10): warning C4996: 'strtok': This function or variable may be unsafe. Consider using strtok_s instead. To disable deprecation, use _CRT_SECURE_NO_WARNINGS. See online help for details.
C:\Users\123\Desktop\大三上课程\操作系统\文件系统实验\source\shell.cpp(45,11): warning C4996: 'strtok': This function or variable may be unsafe. Consider using strtok_s instead. To disable deprecation, use _CRT_SECURE_NO_WARNINGS. See online help for details.
C:\Users\123\Desktop\大三上课程\操作系统\文件系统实验\source\shell.cpp(53,11): warning C4996: 'strtok': This function or variable may be unsafe. Consider using strtok_s instead. To disable deprecation, use _CRT_SECURE_NO_WARNINGS. See online help for details.
C:\Users\123\Desktop\大三上课程\操作系统\文件系统实验\source\shell.cpp(59,4): warning C4996: 'strcpy': This function or variable may be unsafe. Consider using strcpy_s instead. To disable deprecation, use _CRT_SECURE_NO_WARNINGS. See online help for details.
C:\Users\123\Desktop\大三上课程\操作系统\文件系统实验\source\shell.cpp(67,11): warning C4996: 'strtok': This function or variable may be unsafe. Consider using strtok_s instead. To disable deprecation, use _CRT_SECURE_NO_WARNINGS. See online help for details.
C:\Users\123\Desktop\大三上课程\操作系统\文件系统实验\source\shell.cpp(74,11): warning C4996: 'strtok': This function or variable may be unsafe. Consider using strtok_s instead. To disable deprecation, use _CRT_SECURE_NO_WARNINGS. See online help for details.
C:\Users\123\Desktop\大三上课程\操作系统\文件系统实验\source\shell.cpp(76,4): warning C4996: 'sscanf': This function or variable may be unsafe. Consider using sscanf_s instead. To disable deprecation, use _CRT_SECURE_NO_WARNINGS. See online help for details.
C:\Users\123\Desktop\大三上课程\操作系统\文件系统实验\source\shell.cpp(87,11): warning C4996: 'strtok': This function or variable may be unsafe. Consider using strtok_s instead. To disable deprecation, use _CRT_SECURE_NO_WARNINGS. See online help for details.
C:\Users\123\Desktop\大三上课程\操作系统\文件系统实验\source\shell.cpp(96,11): warning C4996: 'strtok': This function or variable may be unsafe. Consider using strtok_s instead. To disable deprecation, use _CRT_SECURE_NO_WARNINGS. See online help for details.
C:\Users\123\Desktop\大三上课程\操作系统\文件系统实验\source\shell.cpp(98,11): warning C4996: 'strtok': This function or variable may be unsafe. Consider using strtok_s instead. To disable deprecation, use _CRT_SECURE_NO_WARNINGS. See online help for details.
C:\Users\123\Desktop\大三上课程\操作系统\文件系统实验\source\shell.cpp(107,4): warning C4996: 'sscanf': This function or variable may be unsafe. Consider using sscanf_s instead. To disable deprecation, use _CRT_SECURE_NO_WARNINGS. See online help for details.
C:\Users\123\Desktop\大三上课程\操作系统\文件系统实验\source\shell.cpp(122,11): warning C4996: 'strtok': This function or variable may be unsafe. Consider using strtok_s instead. To disable deprecation, use _CRT_SECURE_NO_WARNINGS. See online help for details.
C:\Users\123\Desktop\大三上课程\操作系统\文件系统实验\source\shell.cpp(124,11): warning C4996: 'strtok': This function or variable may be unsafe. Consider using strtok_s instead. To disable deprecation, use _CRT_SECURE_NO_WARNINGS. See online help for details.
C:\Users\123\Desktop\大三上课程\操作系统\文件系统实验\source\shell.cpp(129,3): warning C4996: 'sscanf': This function or variable may be unsafe. Consider using sscanf_s instead. To disable deprecation, use _CRT_SECURE_NO_WARNINGS. See online help for details.
C:\Users\123\Desktop\大三上课程\操作系统\文件系统实验\source\shell.cpp(146,11): warning C4996: 'strtok': This function or variable may be unsafe. Consider using strtok_s instead. To disable deprecation, use _CRT_SECURE_NO_WARNINGS. See online help for details.
C:\Users\123\Desktop\大三上课程\操作系统\文件系统实验\source\shell.cpp(148,11): warning C4996: 'strtok': This function or variable may be unsafe. Consider using strtok_s instead. To disable deprecation, use _CRT_SECURE_NO_WARNINGS. See online help for details.
C:\Users\123\Desktop\大三上课程\操作系统\文件系统实验\source\shell.cpp(150,11): warning C4996: 'strtok': This function or variable may be unsafe. Consider using strtok_s instead. To disable deprecation, use _CRT_SECURE_NO_WARNINGS. See online help for details.
C:\Users\123\Desktop\大三上课程\操作系统\文件系统实验\source\shell.cpp(184,11): warning C4996: 'strtok': This function or variable may be unsafe. Consider using strtok_s instead. To disable deprecation, use _CRT_SECURE_NO_WARNINGS. See online help for details.
C:\Users\123\Desktop\大三上课程\操作系统\文件系统实验\source\shell.cpp(186,11): warning C4996: 'strtok': This function or variable may be unsafe. Consider using strtok_s instead. To disable deprecation, use _CRT_SECURE_NO_WARNINGS. See online help for details.
C:\Users\123\Desktop\大三上课程\操作系统\文件系统实验\source\shell.cpp(198,11): warning C4996: 'strtok': This function or variable may be unsafe. Consider using strtok_s instead. To disable deprecation, use _CRT_SECURE_NO_WARNINGS. See online help for details.
  正在生成代码...
  Originfilesys.vcxproj -> C:\Users\123\Desktop\Originfilesys\Originfilesys\x64\Debug\Originfilesys.exe
